h:\github\graphics_for_games\graphics\graphics for games\13) cube mapping\debug\vc142.pdb
h:\github\graphics_for_games\graphics\graphics for games\13) cube mapping\debug\vc142.idb
h:\github\graphics_for_games\graphics\graphics for games\13) cube mapping\debug\tutorial13.obj
h:\github\graphics_for_games\graphics\graphics for games\13) cube mapping\debug\renderer.obj
h:\github\graphics_for_games\graphics\graphics for games\debug\tutorial 13 - cube mapping.exe
h:\github\graphics_for_games\graphics\graphics for games\debug\tutorial 13 - cube mapping.ilk
h:\github\graphics_for_games\graphics\graphics for games\debug\tutorial 13 - cube mapping.pdb
c:\users\b6038386\documents\github\graphics_for_games\graphics\graphics for games\13) cube mapping\debug\renderer.obj
c:\users\b6038386\documents\github\graphics_for_games\graphics\graphics for games\13) cube mapping\debug\tutorial13.obj
c:\users\b6038386\documents\github\graphics_for_games\graphics\graphics for games\13) cube mapping\debug\vc142.idb
c:\users\b6038386\documents\github\graphics_for_games\graphics\graphics for games\13) cube mapping\debug\vc142.pdb
c:\users\b6038386\documents\github\graphics_for_games\graphics\graphics for games\debug\tutorial 13 - cube mapping.pdb
c:\users\b6038386\documents\github\graphics_for_games\graphics\graphics for games\debug\tutorial 13 - cube mapping.exe
c:\users\b6038386\documents\github\graphics_for_games\graphics\graphics for games\debug\tutorial 13 - cube mapping.ilk
c:\users\b6038386\documents\github\graphics_for_games\graphics\graphics for games\13) cube mapping\debug\tutorial.2e797ef1.tlog\cl.command.1.tlog
c:\users\b6038386\documents\github\graphics_for_games\graphics\graphics for games\13) cube mapping\debug\tutorial.2e797ef1.tlog\cl.read.1.tlog
c:\users\b6038386\documents\github\graphics_for_games\graphics\graphics for games\13) cube mapping\debug\tutorial.2e797ef1.tlog\cl.write.1.tlog
c:\users\b6038386\documents\github\graphics_for_games\graphics\graphics for games\13) cube mapping\debug\tutorial.2e797ef1.tlog\link.command.1.tlog
c:\users\b6038386\documents\github\graphics_for_games\graphics\graphics for games\13) cube mapping\debug\tutorial.2e797ef1.tlog\link.read.1.tlog
c:\users\b6038386\documents\github\graphics_for_games\graphics\graphics for games\13) cube mapping\debug\tutorial.2e797ef1.tlog\link.write.1.tlog
