c:\users\b6038386\documents\github\graphics_for_games\graphics\graphics for games\graphics coursework\debug\vc142.pdb
c:\users\b6038386\documents\github\graphics_for_games\graphics\graphics for games\graphics coursework\debug\vc142.idb
c:\users\b6038386\documents\github\graphics_for_games\graphics\graphics for games\graphics coursework\debug\tree.obj
c:\users\b6038386\documents\github\graphics_for_games\graphics\graphics for games\graphics coursework\debug\terrain.obj
c:\users\b6038386\documents\github\graphics_for_games\graphics\graphics for games\graphics coursework\debug\skybox.obj
c:\users\b6038386\documents\github\graphics_for_games\graphics\graphics for games\graphics coursework\debug\renderer.obj
c:\users\b6038386\documents\github\graphics_for_games\graphics\graphics for games\graphics coursework\debug\rain.obj
c:\users\b6038386\documents\github\graphics_for_games\graphics\graphics for games\graphics coursework\debug\ocean.obj
c:\users\b6038386\documents\github\graphics_for_games\graphics\graphics for games\graphics coursework\debug\coursework.obj
c:\users\b6038386\documents\github\graphics_for_games\graphics\graphics for games\graphics coursework\debug\lightning.obj
c:\users\b6038386\documents\github\graphics_for_games\graphics\graphics for games\graphics coursework\debug\hellknight.obj
c:\users\b6038386\documents\github\graphics_for_games\graphics\graphics for games\debug\graphicscoursework.exe
c:\users\b6038386\documents\github\graphics_for_games\graphics\graphics for games\debug\graphicscoursework.ilk
c:\users\b6038386\documents\github\graphics_for_games\graphics\graphics for games\debug\graphicscoursework.pdb
c:\users\b6038386\documents\github\graphics_for_games\graphics\graphics for games\graphics coursework\debug\lightning.obj.enc
c:\users\b6038386\documents\github\graphics_for_games\graphics\graphics for games\graphics coursework\debug\graphics.909a2cfc.tlog\cl.command.1.tlog
c:\users\b6038386\documents\github\graphics_for_games\graphics\graphics for games\graphics coursework\debug\graphics.909a2cfc.tlog\cl.read.1.tlog
c:\users\b6038386\documents\github\graphics_for_games\graphics\graphics for games\graphics coursework\debug\graphics.909a2cfc.tlog\cl.write.1.tlog
c:\users\b6038386\documents\github\graphics_for_games\graphics\graphics for games\graphics coursework\debug\graphics.909a2cfc.tlog\link.command.1.tlog
c:\users\b6038386\documents\github\graphics_for_games\graphics\graphics for games\graphics coursework\debug\graphics.909a2cfc.tlog\link.read.1.tlog
c:\users\b6038386\documents\github\graphics_for_games\graphics\graphics for games\graphics coursework\debug\graphics.909a2cfc.tlog\link.write.1.tlog
