h:\github\graphics_for_games\graphics\graphics for games\12) per fragment lighting b\debug\vc142.pdb
h:\github\graphics_for_games\graphics\graphics for games\12) per fragment lighting b\debug\vc142.idb
h:\github\graphics_for_games\graphics\graphics for games\12) per fragment lighting b\debug\tutorial12.obj
h:\github\graphics_for_games\graphics\graphics for games\12) per fragment lighting b\debug\renderer.obj
h:\github\graphics_for_games\graphics\graphics for games\debug\tutorial 12 - real-time lighting b.exe
h:\github\graphics_for_games\graphics\graphics for games\debug\tutorial 12 - real-time lighting b.ilk
h:\github\graphics_for_games\graphics\graphics for games\debug\tutorial 12 - real-time lighting b.pdb
c:\users\b6038386\documents\github\graphics_for_games\graphics\graphics for games\12) per fragment lighting b\debug\renderer.obj
c:\users\b6038386\documents\github\graphics_for_games\graphics\graphics for games\12) per fragment lighting b\debug\tutorial12.obj
c:\users\b6038386\documents\github\graphics_for_games\graphics\graphics for games\12) per fragment lighting b\debug\vc142.idb
c:\users\b6038386\documents\github\graphics_for_games\graphics\graphics for games\12) per fragment lighting b\debug\vc142.pdb
c:\users\b6038386\documents\github\graphics_for_games\graphics\graphics for games\debug\tutorial 12 - real-time lighting b.pdb
c:\users\b6038386\documents\github\graphics_for_games\graphics\graphics for games\debug\tutorial 12 - real-time lighting b.exe
c:\users\b6038386\documents\github\graphics_for_games\graphics\graphics for games\debug\tutorial 12 - real-time lighting b.ilk
c:\users\b6038386\documents\github\graphics_for_games\graphics\graphics for games\12) per fragment lighting b\debug\tutorial.dc9f082d.tlog\cl.command.1.tlog
c:\users\b6038386\documents\github\graphics_for_games\graphics\graphics for games\12) per fragment lighting b\debug\tutorial.dc9f082d.tlog\cl.read.1.tlog
c:\users\b6038386\documents\github\graphics_for_games\graphics\graphics for games\12) per fragment lighting b\debug\tutorial.dc9f082d.tlog\cl.write.1.tlog
c:\users\b6038386\documents\github\graphics_for_games\graphics\graphics for games\12) per fragment lighting b\debug\tutorial.dc9f082d.tlog\link.command.1.tlog
c:\users\b6038386\documents\github\graphics_for_games\graphics\graphics for games\12) per fragment lighting b\debug\tutorial.dc9f082d.tlog\link.read.1.tlog
c:\users\b6038386\documents\github\graphics_for_games\graphics\graphics for games\12) per fragment lighting b\debug\tutorial.dc9f082d.tlog\link.write.1.tlog
